<?xml version="1.0" encoding="UTF-8"?>
<testsuite xmlns:xsi="http://www.w3.org/2001/XMLSchema-instance" xsi:noNamespaceSchemaLocation="https://maven.apache.org/surefire/maven-surefire-plugin/xsd/surefire-test-report-3.0.xsd" version="3.0" name="com.amazonaws.connectors.athena.example.ExampleMetadataHandlerTest" time="18.655" tests="5" errors="0" skipped="0" failures="0">
  <properties>
[...]
</properties>
  <testcase name="doGetSplits" classname="com.amazonaws.connectors.athena.example.ExampleMetadataHandlerTest" time="17.977">
    <system-out><![CDATA[2021-06-14 21:24:04  INFO  ExampleMetadataHandlerTest:87 - setUpBefore - enter
2021-06-14 21:24:04  INFO  BaseAllocator:58 - Debug mode enabled.
2021-06-14 21:24:04  INFO  DefaultAllocationManagerOption:97 - allocation manager type not specified, using netty as the default type
2021-06-14 21:24:04  INFO  CheckAllocator:73 - Using DefaultAllocationManager at memory-netty/3.0.0/arrow-memory-netty-3.0.0.jar!/org/apache/arrow/memory/DefaultAllocationManagerFactory.class
2021-06-14 21:24:05  INFO  ExampleMetadataHandlerTest:89 - setUpBefore - exit
2021-06-14 21:24:05  INFO  ExampleMetadataHandlerTest:278 - doGetSplits: Tests are disabled, to enable them set the 'publishing' environment variable using maven clean install -Dpublishing=true
]]></system-out>
  </testcase>
  <testcase name="getPartitions" classname="com.amazonaws.connectors.athena.example.ExampleMetadataHandlerTest" time="0.031">
    <system-out><![CDATA[2021-06-14 21:24:05  INFO  ExampleMetadataHandlerTest:87 - setUpBefore - enter
2021-06-14 21:24:05  INFO  ExampleMetadataHandlerTest:89 - setUpBefore - exit
2021-06-14 21:24:05  INFO  ExampleMetadataHandlerTest:208 - getPartitions: Tests are disabled, to enable them set the 'publishing' environment variable using maven clean install -Dpublishing=true
]]></system-out>
  </testcase>
  <testcase name="doListTables" classname="com.amazonaws.connectors.athena.example.ExampleMetadataHandlerTest" time="0.041">
    <system-out><![CDATA[2021-06-14 21:24:05  INFO  ExampleMetadataHandlerTest:87 - setUpBefore - enter
2021-06-14 21:24:05  INFO  ExampleMetadataHandlerTest:89 - setUpBefore - exit
2021-06-14 21:24:05  INFO  ExampleMetadataHandlerTest:127 - doListTables: Tests are disabled, to enable them set the 'publishing' environment variable using maven clean install -Dpublishing=true
]]></system-out>
  </testcase>
  <testcase name="doGetTable" classname="com.amazonaws.connectors.athena.example.ExampleMetadataHandlerTest" time="0.049">
    <system-out><![CDATA[2021-06-14 21:24:05  INFO  ExampleMetadataHandlerTest:87 - setUpBefore - enter
2021-06-14 21:24:05  INFO  ExampleMetadataHandlerTest:89 - setUpBefore - exit
2021-06-14 21:24:05  INFO  ExampleMetadataHandlerTest:184 - doGetTable: Tests are disabled, to enable them set the 'publishing' environment variable using maven clean install -Dpublishing=true
]]></system-out>
  </testcase>
  <testcase name="doListSchemaNames" classname="com.amazonaws.connectors.athena.example.ExampleMetadataHandlerTest" time="0.049">
    <system-out><![CDATA[2021-06-14 21:24:05  INFO  ExampleMetadataHandlerTest:87 - setUpBefore - enter
2021-06-14 21:24:05  INFO  ExampleMetadataHandlerTest:89 - setUpBefore - exit
2021-06-14 21:24:05  INFO  ExampleMetadataHandlerTest:106 - doListSchemaNames: Tests are disabled, to enable them set the 'publishing' environment variable using maven clean install -Dpublishing=true
]]></system-out>
  </testcase>
</testsuite>